Build started 8/25/2015 1:10:06 AM.
     1>Project "D:\Visual Studio n other docs\Visual Studio 2012\Projects\Classes\Employee\Employee\Employee.vcxproj" on node 2 (Build target(s)).
     1>ClCompile:
         C:\Program Files (x86)\Microsoft Visual Studio 11.0\VC\bin\CL.exe /c /ZI /nologo /W3 /WX- /Od /Oy- /D WIN32 /D _DEBUG /D _CONSOLE /D _UNICODE /D UNICODE /Gm /EHsc /RTC1 /MDd /GS /fp:precise /Zc:wchar_t /Zc:forScope /Fo"Debug\\" /Fd"Debug\vc110.pdb" /Gd /TP /analyze- /errorReport:prompt driver.cpp Employee.cpp
         Employee.cpp
     1>d:\visual studio n other docs\visual studio 2012\projects\classes\employee\employee\employee.cpp(5): warning C4996: 'strcpy': This function or variable may be unsafe. Consider using strcpy_s instead. To disable deprecation, use _CRT_SECURE_NO_WARNINGS. See online help for details.
                 c:\program files (x86)\microsoft visual studio 11.0\vc\include\string.h(110) : see declaration of 'strcpy'
     1>d:\visual studio n other docs\visual studio 2012\projects\classes\employee\employee\employee.cpp(9): warning C4996: 'strcpy': This function or variable may be unsafe. Consider using strcpy_s instead. To disable deprecation, use _CRT_SECURE_NO_WARNINGS. See online help for details.
                 c:\program files (x86)\microsoft visual studio 11.0\vc\include\string.h(110) : see declaration of 'strcpy'
     1>d:\visual studio n other docs\visual studio 2012\projects\classes\employee\employee\employee.cpp(26): warning C4244: 'return' : conversion from 'float' to 'int', possible loss of data
     1>d:\visual studio n other docs\visual studio 2012\projects\classes\employee\employee\employee.cpp(30): warning C4244: '=' : conversion from 'double' to 'float', possible loss of data
         driver.cpp
         Generating Code...
       Link:
         C:\Program Files (x86)\Microsoft Visual Studio 11.0\VC\bin\link.exe /ERRORREPORT:PROMPT /OUT:"D:\Visual Studio n other docs\Visual Studio 2012\Projects\Classes\Employee\Debug\Employee.exe" /INCREMENTAL /NOLOGO kernel32.lib user32.lib gdi32.lib winspool.lib comdlg32.lib advapi32.lib shell32.lib ole32.lib oleaut32.lib uuid.lib odbc32.lib odbccp32.lib /MANIFEST /MANIFESTUAC:"level='asInvoker' uiAccess='false'" /manifest:embed /DEBUG /PDB:"D:\Visual Studio n other docs\Visual Studio 2012\Projects\Classes\Employee\Debug\Employee.pdb" /SUBSYSTEM:CONSOLE /TLBID:1 /DYNAMICBASE /NXCOMPAT /IMPLIB:"D:\Visual Studio n other docs\Visual Studio 2012\Projects\Classes\Employee\Debug\Employee.lib" /MACHINE:X86 Debug\driver.obj
         Debug\Employee.obj
         Employee.vcxproj -> D:\Visual Studio n other docs\Visual Studio 2012\Projects\Classes\Employee\Debug\Employee.exe
     1>Done Building Project "D:\Visual Studio n other docs\Visual Studio 2012\Projects\Classes\Employee\Employee\Employee.vcxproj" (Build target(s)).

Build succeeded.

Time Elapsed 00:00:02.15
