Build started 8/28/2015 11:03:27 AM.
     1>Project "D:\Visual Studio n other docs\Visual Studio 2012\Projects\Classes\Matrix in an Array\Matrix in an Array\Matrix in an Array.vcxproj" on node 2 (Build target(s)).
     1>ClCompile:
         C:\Program Files (x86)\Microsoft Visual Studio 11.0\VC\bin\CL.exe /c /ZI /nologo /W3 /WX- /Od /Oy- /D WIN32 /D _DEBUG /D _CONSOLE /D _UNICODE /D UNICODE /Gm /EHsc /RTC1 /MDd /GS /fp:precise /Zc:wchar_t /Zc:forScope /Fo"Debug\\" /Fd"Debug\vc110.pdb" /Gd /TP /analyze- /errorReport:prompt Matrix.cpp driver.cpp
         Matrix.cpp
     1>d:\visual studio n other docs\visual studio 2012\projects\classes\matrix in an array\matrix in an array\matrix.h(32): error C2143: syntax error : missing ';' before '&'
     1>d:\visual studio n other docs\visual studio 2012\projects\classes\matrix in an array\matrix in an array\matrix.h(32): error C2433: 'istream' : 'friend' not permitted on data declarations
     1>d:\visual studio n other docs\visual studio 2012\projects\classes\matrix in an array\matrix in an array\matrix.h(32): error C4430: missing type specifier - int assumed. Note: C++ does not support default-int
     1>d:\visual studio n other docs\visual studio 2012\projects\classes\matrix in an array\matrix in an array\matrix.h(32): error C2061: syntax error : identifier 'istream'
     1>d:\visual studio n other docs\visual studio 2012\projects\classes\matrix in an array\matrix in an array\matrix.h(32): error C2805: binary 'operator >>' has too few parameters
     1>d:\visual studio n other docs\visual studio 2012\projects\classes\matrix in an array\matrix in an array\matrix.h(33): error C2143: syntax error : missing ';' before '&'
     1>d:\visual studio n other docs\visual studio 2012\projects\classes\matrix in an array\matrix in an array\matrix.h(33): error C2433: 'ostream' : 'friend' not permitted on data declarations
     1>d:\visual studio n other docs\visual studio 2012\projects\classes\matrix in an array\matrix in an array\matrix.h(33): error C4430: missing type specifier - int assumed. Note: C++ does not support default-int
     1>d:\visual studio n other docs\visual studio 2012\projects\classes\matrix in an array\matrix in an array\matrix.h(33): error C2061: syntax error : identifier 'ostream'
     1>d:\visual studio n other docs\visual studio 2012\projects\classes\matrix in an array\matrix in an array\matrix.h(33): error C2805: binary 'operator <<' has too few parameters
     1>d:\visual studio n other docs\visual studio 2012\projects\classes\matrix in an array\matrix in an array\matrix.cpp(107): error C2679: binary '<<' : no operator found which takes a right-hand operand of type 'Array' (or there is no acceptable conversion)
                 c:\program files (x86)\microsoft visual studio 11.0\vc\include\ostream(695): could be 'std::basic_ostream<_Elem,_Traits> &std::operator <<<char,std::char_traits<char>>(std::basic_ostream<_Elem,_Traits> &,const char *)'
                 with
                 [
                     _Elem=char,
                     _Traits=std::char_traits<char>
                 ]
                 c:\program files (x86)\microsoft visual studio 11.0\vc\include\ostream(742): or       'std::basic_ostream<_Elem,_Traits> &std::operator <<<char,std::char_traits<char>>(std::basic_ostream<_Elem,_Traits> &,char)'
                 with
                 [
                     _Elem=char,
                     _Traits=std::char_traits<char>
                 ]
                 c:\program files (x86)\microsoft visual studio 11.0\vc\include\ostream(780): or       'std::basic_ostream<_Elem,_Traits> &std::operator <<<std::char_traits<char>>(std::basic_ostream<_Elem,_Traits> &,const char *)'
                 with
                 [
                     _Elem=char,
                     _Traits=std::char_traits<char>
                 ]
                 c:\program files (x86)\microsoft visual studio 11.0\vc\include\ostream(827): or       'std::basic_ostream<_Elem,_Traits> &std::operator <<<std::char_traits<char>>(std::basic_ostream<_Elem,_Traits> &,char)'
                 with
                 [
                     _Elem=char,
                     _Traits=std::char_traits<char>
                 ]
                 c:\program files (x86)\microsoft visual studio 11.0\vc\include\ostream(953): or       'std::basic_ostream<_Elem,_Traits> &std::operator <<<std::char_traits<char>>(std::basic_ostream<_Elem,_Traits> &,const signed char *)'
                 with
                 [
                     _Elem=char,
                     _Traits=std::char_traits<char>
                 ]
                 c:\program files (x86)\microsoft visual studio 11.0\vc\include\ostream(960): or       'std::basic_ostream<_Elem,_Traits> &std::operator <<<std::char_traits<char>>(std::basic_ostream<_Elem,_Traits> &,signed char)'
                 with
                 [
                     _Elem=char,
                     _Traits=std::char_traits<char>
                 ]
                 c:\program files (x86)\microsoft visual studio 11.0\vc\include\ostream(967): or       'std::basic_ostream<_Elem,_Traits> &std::operator <<<std::char_traits<char>>(std::basic_ostream<_Elem,_Traits> &,const unsigned char *)'
                 with
                 [
                     _Elem=char,
                     _Traits=std::char_traits<char>
                 ]
                 c:\program files (x86)\microsoft visual studio 11.0\vc\include\ostream(974): or       'std::basic_ostream<_Elem,_Traits> &std::operator <<<std::char_traits<char>>(std::basic_ostream<_Elem,_Traits> &,unsigned char)'
                 with
                 [
                     _Elem=char,
                     _Traits=std::char_traits<char>
                 ]
                 c:\program files (x86)\microsoft visual studio 11.0\vc\include\ostream(984): or       'std::basic_ostream<_Elem,_Traits> &std::operator <<<char,std::char_traits<char>,Array>(std::basic_ostream<_Elem,_Traits> &&,const _Ty &)'
                 with
                 [
                     _Elem=char,
                     _Traits=std::char_traits<char>,
                     _Ty=Array
                 ]
                 c:\program files (x86)\microsoft visual studio 11.0\vc\include\ostream(1101): or       'std::basic_ostream<_Elem,_Traits> &std::operator <<<char,std::char_traits<char>>(std::basic_ostream<_Elem,_Traits> &,const std::error_code &)'
                 with
                 [
                     _Elem=char,
                     _Traits=std::char_traits<char>
                 ]
                 c:\program files (x86)\microsoft visual studio 11.0\vc\include\ostream(201): or       'std::basic_ostream<_Elem,_Traits> &std::basic_ostream<_Elem,_Traits>::operator <<(std::basic_ostream<_Elem,_Traits> &(__cdecl *)(std::basic_ostream<_Elem,_Traits> &))'
                 with
                 [
                     _Elem=char,
                     _Traits=std::char_traits<char>
                 ]
                 c:\program files (x86)\microsoft visual studio 11.0\vc\include\ostream(207): or       'std::basic_ostream<_Elem,_Traits> &std::basic_ostream<_Elem,_Traits>::operator <<(std::basic_ios<_Elem,_Traits> &(__cdecl *)(std::basic_ios<_Elem,_Traits> &))'
                 with
                 [
                     _Elem=char,
                     _Traits=std::char_traits<char>
                 ]
                 c:\program files (x86)\microsoft visual studio 11.0\vc\include\ostream(214): or       'std::basic_ostream<_Elem,_Traits> &std::basic_ostream<_Elem,_Traits>::operator <<(std::ios_base &(__cdecl *)(std::ios_base &))'
                 with
                 [
                     _Elem=char,
                     _Traits=std::char_traits<char>
                 ]
                 c:\program files (x86)\microsoft visual studio 11.0\vc\include\ostream(221): or       'std::basic_ostream<_Elem,_Traits> &std::basic_ostream<_Elem,_Traits>::operator <<(std::_Bool)'
                 with
                 [
                     _Elem=char,
                     _Traits=std::char_traits<char>
                 ]
                 c:\program files (x86)\microsoft visual studio 11.0\vc\include\ostream(241): or       'std::basic_ostream<_Elem,_Traits> &std::basic_ostream<_Elem,_Traits>::operator <<(short)'
                 with
                 [
                     _Elem=char,
                     _Traits=std::char_traits<char>
                 ]
                 c:\program files (x86)\microsoft visual studio 11.0\vc\include\ostream(275): or       'std::basic_ostream<_Elem,_Traits> &std::basic_ostream<_Elem,_Traits>::operator <<(unsigned short)'
                 with
                 [
                     _Elem=char,
                     _Traits=std::char_traits<char>
                 ]
                 c:\program files (x86)\microsoft visual studio 11.0\vc\include\ostream(295): or       'std::basic_ostream<_Elem,_Traits> &std::basic_ostream<_Elem,_Traits>::operator <<(int)'
                 with
                 [
                     _Elem=char,
                     _Traits=std::char_traits<char>
                 ]
                 c:\program files (x86)\microsoft visual studio 11.0\vc\include\ostream(320): or       'std::basic_ostream<_Elem,_Traits> &std::basic_ostream<_Elem,_Traits>::operator <<(unsigned int)'
                 with
                 [
                     _Elem=char,
                     _Traits=std::char_traits<char>
                 ]
                 c:\program files (x86)\microsoft visual studio 11.0\vc\include\ostream(340): or       'std::basic_ostream<_Elem,_Traits> &std::basic_ostream<_Elem,_Traits>::operator <<(long)'
                 with
                 [
                     _Elem=char,
                     _Traits=std::char_traits<char>
                 ]
                 c:\program files (x86)\microsoft visual studio 11.0\vc\include\ostream(360): or       'std::basic_ostream<_Elem,_Traits> &std::basic_ostream<_Elem,_Traits>::operator <<(unsigned long)'
                 with
                 [
                     _Elem=char,
                     _Traits=std::char_traits<char>
                 ]
                 c:\program files (x86)\microsoft visual studio 11.0\vc\include\ostream(381): or       'std::basic_ostream<_Elem,_Traits> &std::basic_ostream<_Elem,_Traits>::operator <<(__int64)'
                 with
                 [
                     _Elem=char,
                     _Traits=std::char_traits<char>
                 ]
                 c:\program files (x86)\microsoft visual studio 11.0\vc\include\ostream(401): or       'std::basic_ostream<_Elem,_Traits> &std::basic_ostream<_Elem,_Traits>::operator <<(unsigned __int64)'
                 with
                 [
                     _Elem=char,
                     _Traits=std::char_traits<char>
                 ]
                 c:\program files (x86)\microsoft visual studio 11.0\vc\include\ostream(422): or       'std::basic_ostream<_Elem,_Traits> &std::basic_ostream<_Elem,_Traits>::operator <<(float)'
                 with
                 [
                     _Elem=char,
                     _Traits=std::char_traits<char>
                 ]
                 c:\program files (x86)\microsoft visual studio 11.0\vc\include\ostream(442): or       'std::basic_ostream<_Elem,_Traits> &std::basic_ostream<_Elem,_Traits>::operator <<(double)'
                 with
                 [
                     _Elem=char,
                     _Traits=std::char_traits<char>
                 ]
                 c:\program files (x86)\microsoft visual studio 11.0\vc\include\ostream(462): or       'std::basic_ostream<_Elem,_Traits> &std::basic_ostream<_Elem,_Traits>::operator <<(long double)'
                 with
                 [
                     _Elem=char,
                     _Traits=std::char_traits<char>
                 ]
                 c:\program files (x86)\microsoft visual studio 11.0\vc\include\ostream(482): or       'std::basic_ostream<_Elem,_Traits> &std::basic_ostream<_Elem,_Traits>::operator <<(const void *)'
                 with
                 [
                     _Elem=char,
                     _Traits=std::char_traits<char>
                 ]
                 c:\program files (x86)\microsoft visual studio 11.0\vc\include\ostream(502): or       'std::basic_ostream<_Elem,_Traits> &std::basic_ostream<_Elem,_Traits>::operator <<(std::basic_streambuf<_Elem,_Traits> *)'
                 with
                 [
                     _Elem=char,
                     _Traits=std::char_traits<char>
                 ]
                 while trying to match the argument list '(std::ostream, Array)'
     1>d:\visual studio n other docs\visual studio 2012\projects\classes\matrix in an array\matrix in an array\matrix.cpp(122): error C2784: 'std::_String_iterator<_Mystr> std::operator +(_String_iterator<_Mystr>::difference_type,std::_String_iterator<_Mystr>)' : could not deduce template argument for 'std::_String_iterator<_Mystr>' from 'Array'
                 c:\program files (x86)\microsoft visual studio 11.0\vc\include\xstring(420) : see declaration of 'std::operator +'
     1>d:\visual studio n other docs\visual studio 2012\projects\classes\matrix in an array\matrix in an array\matrix.cpp(122): error C2784: 'std::_String_const_iterator<_Mystr> std::operator +(_String_const_iterator<_Mystr>::difference_type,std::_String_const_iterator<_Mystr>)' : could not deduce template argument for 'std::_String_const_iterator<_Mystr>' from 'Array'
                 c:\program files (x86)\microsoft visual studio 11.0\vc\include\xstring(288) : see declaration of 'std::operator +'
     1>d:\visual studio n other docs\visual studio 2012\projects\classes\matrix in an array\matrix in an array\matrix.cpp(122): error C2784: 'std::move_iterator<_RanIt> std::operator +(_Diff,const std::move_iterator<_RanIt> &)' : could not deduce template argument for 'const std::move_iterator<_RanIt> &' from 'Array'
                 c:\program files (x86)\microsoft visual studio 11.0\vc\include\xutility(1947) : see declaration of 'std::operator +'
     1>d:\visual studio n other docs\visual studio 2012\projects\classes\matrix in an array\matrix in an array\matrix.cpp(122): error C2784: 'std::_Array_iterator<_Ty,_Size> std::operator +(_Array_iterator<_Ty,_Size>::difference_type,std::_Array_iterator<_Ty,_Size>)' : could not deduce template argument for 'std::_Array_iterator<_Ty,_Size>' from 'Array'
                 c:\program files (x86)\microsoft visual studio 11.0\vc\include\xutility(1801) : see declaration of 'std::operator +'
     1>d:\visual studio n other docs\visual studio 2012\projects\classes\matrix in an array\matrix in an array\matrix.cpp(122): error C2784: 'std::_Array_const_iterator<_Ty,_Size> std::operator +(_Array_const_iterator<_Ty,_Size>::difference_type,std::_Array_const_iterator<_Ty,_Size>)' : could not deduce template argument for 'std::_Array_const_iterator<_Ty,_Size>' from 'Array'
                 c:\program files (x86)\microsoft visual studio 11.0\vc\include\xutility(1662) : see declaration of 'std::operator +'
     1>d:\visual studio n other docs\visual studio 2012\projects\classes\matrix in an array\matrix in an array\matrix.cpp(122): error C2784: 'std::reverse_iterator<_RanIt> std::operator +(_Diff,const std::reverse_iterator<_RanIt> &)' : could not deduce template argument for 'const std::reverse_iterator<_RanIt> &' from 'Array'
                 c:\program files (x86)\microsoft visual studio 11.0\vc\include\xutility(1226) : see declaration of 'std::operator +'
     1>d:\visual studio n other docs\visual studio 2012\projects\classes\matrix in an array\matrix in an array\matrix.cpp(122): error C2784: 'std::_Revranit<_RanIt,_Base> std::operator +(_Diff,const std::_Revranit<_RanIt,_Base> &)' : could not deduce template argument for 'const std::_Revranit<_RanIt,_Base> &' from 'Array'
                 c:\program files (x86)\microsoft visual studio 11.0\vc\include\xutility(1031) : see declaration of 'std::operator +'
     1>d:\visual studio n other docs\visual studio 2012\projects\classes\matrix in an array\matrix in an array\matrix.cpp(122): error C2676: binary '+' : 'Array' does not define this operator or a conversion to a type acceptable to the predefined operator
     1>d:\visual studio n other docs\visual studio 2012\projects\classes\matrix in an array\matrix in an array\matrix.cpp(136): error C2784: ''unknown-type' std::operator -(std::move_iterator<_RanIt> &,const std::move_iterator<_RanIt2> &)' : could not deduce template argument for 'std::move_iterator<_RanIt> &' from 'Array'
                 c:\program files (x86)\microsoft visual studio 11.0\vc\include\xutility(1955) : see declaration of 'std::operator -'
     1>d:\visual studio n other docs\visual studio 2012\projects\classes\matrix in an array\matrix in an array\matrix.cpp(136): error C2784: ''unknown-type' std::operator -(const std::reverse_iterator<_RanIt> &,const std::reverse_iterator<_RanIt2> &)' : could not deduce template argument for 'const std::reverse_iterator<_RanIt> &' from 'Array'
                 c:\program files (x86)\microsoft visual studio 11.0\vc\include\xutility(1234) : see declaration of 'std::operator -'
     1>d:\visual studio n other docs\visual studio 2012\projects\classes\matrix in an array\matrix in an array\matrix.cpp(136): error C2784: ''unknown-type' std::operator -(const std::_Revranit<_RanIt,_Base> &,const std::_Revranit<_RanIt2,_Base2> &)' : could not deduce template argument for 'const std::_Revranit<_RanIt,_Base> &' from 'Array'
                 c:\program files (x86)\microsoft visual studio 11.0\vc\include\xutility(1041) : see declaration of 'std::operator -'
     1>d:\visual studio n other docs\visual studio 2012\projects\classes\matrix in an array\matrix in an array\matrix.cpp(136): error C2676: binary '-' : 'Array' does not define this operator or a conversion to a type acceptable to the predefined operator
     1>d:\visual studio n other docs\visual studio 2012\projects\classes\matrix in an array\matrix in an array\matrix.cpp(155): error C2676: binary '*' : 'Array' does not define this operator or a conversion to a type acceptable to the predefined operator
     1>d:\visual studio n other docs\visual studio 2012\projects\classes\matrix in an array\matrix in an array\matrix.cpp(173): error C2676: binary '/' : 'Array' does not define this operator or a conversion to a type acceptable to the predefined operator
     1>d:\visual studio n other docs\visual studio 2012\projects\classes\matrix in an array\matrix in an array\matrix.cpp(215): error C2872: 'istream' : ambiguous symbol
                 could be 'd:\visual studio n other docs\visual studio 2012\projects\classes\matrix in an array\matrix in an array\matrix.h(32) : int istream'
                 or       'c:\program files (x86)\microsoft visual studio 11.0\vc\include\iosfwd(677) : std::istream'
     1>d:\visual studio n other docs\visual studio 2012\projects\classes\matrix in an array\matrix in an array\matrix.cpp(215): error C2143: syntax error : missing ';' before '&'
     1>d:\visual studio n other docs\visual studio 2012\projects\classes\matrix in an array\matrix in an array\matrix.cpp(215): error C4430: missing type specifier - int assumed. Note: C++ does not support default-int
     1>d:\visual studio n other docs\visual studio 2012\projects\classes\matrix in an array\matrix in an array\matrix.cpp(215): error C2086: 'int istream' : redefinition
                 d:\visual studio n other docs\visual studio 2012\projects\classes\matrix in an array\matrix in an array\matrix.h(32) : see declaration of 'istream'
     1>d:\visual studio n other docs\visual studio 2012\projects\classes\matrix in an array\matrix in an array\matrix.cpp(215): error C2065: 'is' : undeclared identifier
     1>d:\visual studio n other docs\visual studio 2012\projects\classes\matrix in an array\matrix in an array\matrix.cpp(215): error C2065: 'c' : undeclared identifier
     1>d:\visual studio n other docs\visual studio 2012\projects\classes\matrix in an array\matrix in an array\matrix.cpp(215): error C2275: 'Matrix' : illegal use of this type as an expression
                 d:\visual studio n other docs\visual studio 2012\projects\classes\matrix in an array\matrix in an array\matrix.h(5) : see declaration of 'Matrix'
     1>d:\visual studio n other docs\visual studio 2012\projects\classes\matrix in an array\matrix in an array\matrix.cpp(215): fatal error C1903: unable to recover from previous error(s); stopping compilation
         Generating Code...
         Compiling...
         driver.cpp
     1>d:\visual studio n other docs\visual studio 2012\projects\classes\matrix in an array\matrix in an array\matrix.h(32): error C2143: syntax error : missing ';' before '&'
     1>d:\visual studio n other docs\visual studio 2012\projects\classes\matrix in an array\matrix in an array\matrix.h(32): error C2433: 'istream' : 'friend' not permitted on data declarations
     1>d:\visual studio n other docs\visual studio 2012\projects\classes\matrix in an array\matrix in an array\matrix.h(32): error C4430: missing type specifier - int assumed. Note: C++ does not support default-int
     1>d:\visual studio n other docs\visual studio 2012\projects\classes\matrix in an array\matrix in an array\matrix.h(32): error C2061: syntax error : identifier 'istream'
     1>d:\visual studio n other docs\visual studio 2012\projects\classes\matrix in an array\matrix in an array\matrix.h(32): error C2805: binary 'operator >>' has too few parameters
     1>d:\visual studio n other docs\visual studio 2012\projects\classes\matrix in an array\matrix in an array\matrix.h(33): error C2143: syntax error : missing ';' before '&'
     1>d:\visual studio n other docs\visual studio 2012\projects\classes\matrix in an array\matrix in an array\matrix.h(33): error C2433: 'ostream' : 'friend' not permitted on data declarations
     1>d:\visual studio n other docs\visual studio 2012\projects\classes\matrix in an array\matrix in an array\matrix.h(33): error C4430: missing type specifier - int assumed. Note: C++ does not support default-int
     1>d:\visual studio n other docs\visual studio 2012\projects\classes\matrix in an array\matrix in an array\matrix.h(33): error C2061: syntax error : identifier 'ostream'
     1>d:\visual studio n other docs\visual studio 2012\projects\classes\matrix in an array\matrix in an array\matrix.h(33): error C2805: binary 'operator <<' has too few parameters
     1>d:\visual studio n other docs\visual studio 2012\projects\classes\matrix in an array\matrix in an array\driver.cpp(19): error C2679: binary '<<' : no operator found which takes a right-hand operand of type 'Array' (or there is no acceptable conversion)
                 c:\program files (x86)\microsoft visual studio 11.0\vc\include\ostream(695): could be 'std::basic_ostream<_Elem,_Traits> &std::operator <<<char,std::char_traits<char>>(std::basic_ostream<_Elem,_Traits> &,const char *)'
                 with
                 [
                     _Elem=char,
                     _Traits=std::char_traits<char>
                 ]
                 c:\program files (x86)\microsoft visual studio 11.0\vc\include\ostream(742): or       'std::basic_ostream<_Elem,_Traits> &std::operator <<<char,std::char_traits<char>>(std::basic_ostream<_Elem,_Traits> &,char)'
                 with
                 [
                     _Elem=char,
                     _Traits=std::char_traits<char>
                 ]
                 c:\program files (x86)\microsoft visual studio 11.0\vc\include\ostream(780): or       'std::basic_ostream<_Elem,_Traits> &std::operator <<<std::char_traits<char>>(std::basic_ostream<_Elem,_Traits> &,const char *)'
                 with
                 [
                     _Elem=char,
                     _Traits=std::char_traits<char>
                 ]
                 c:\program files (x86)\microsoft visual studio 11.0\vc\include\ostream(827): or       'std::basic_ostream<_Elem,_Traits> &std::operator <<<std::char_traits<char>>(std::basic_ostream<_Elem,_Traits> &,char)'
                 with
                 [
                     _Elem=char,
                     _Traits=std::char_traits<char>
                 ]
                 c:\program files (x86)\microsoft visual studio 11.0\vc\include\ostream(953): or       'std::basic_ostream<_Elem,_Traits> &std::operator <<<std::char_traits<char>>(std::basic_ostream<_Elem,_Traits> &,const signed char *)'
                 with
                 [
                     _Elem=char,
                     _Traits=std::char_traits<char>
                 ]
                 c:\program files (x86)\microsoft visual studio 11.0\vc\include\ostream(960): or       'std::basic_ostream<_Elem,_Traits> &std::operator <<<std::char_traits<char>>(std::basic_ostream<_Elem,_Traits> &,signed char)'
                 with
                 [
                     _Elem=char,
                     _Traits=std::char_traits<char>
                 ]
                 c:\program files (x86)\microsoft visual studio 11.0\vc\include\ostream(967): or       'std::basic_ostream<_Elem,_Traits> &std::operator <<<std::char_traits<char>>(std::basic_ostream<_Elem,_Traits> &,const unsigned char *)'
                 with
                 [
                     _Elem=char,
                     _Traits=std::char_traits<char>
                 ]
                 c:\program files (x86)\microsoft visual studio 11.0\vc\include\ostream(974): or       'std::basic_ostream<_Elem,_Traits> &std::operator <<<std::char_traits<char>>(std::basic_ostream<_Elem,_Traits> &,unsigned char)'
                 with
                 [
                     _Elem=char,
                     _Traits=std::char_traits<char>
                 ]
                 c:\program files (x86)\microsoft visual studio 11.0\vc\include\ostream(984): or       'std::basic_ostream<_Elem,_Traits> &std::operator <<<char,std::char_traits<char>,Array>(std::basic_ostream<_Elem,_Traits> &&,const _Ty &)'
                 with
                 [
                     _Elem=char,
                     _Traits=std::char_traits<char>,
                     _Ty=Array
                 ]
                 c:\program files (x86)\microsoft visual studio 11.0\vc\include\ostream(1101): or       'std::basic_ostream<_Elem,_Traits> &std::operator <<<char,std::char_traits<char>>(std::basic_ostream<_Elem,_Traits> &,const std::error_code &)'
                 with
                 [
                     _Elem=char,
                     _Traits=std::char_traits<char>
                 ]
                 c:\program files (x86)\microsoft visual studio 11.0\vc\include\ostream(201): or       'std::basic_ostream<_Elem,_Traits> &std::basic_ostream<_Elem,_Traits>::operator <<(std::basic_ostream<_Elem,_Traits> &(__cdecl *)(std::basic_ostream<_Elem,_Traits> &))'
                 with
                 [
                     _Elem=char,
                     _Traits=std::char_traits<char>
                 ]
                 c:\program files (x86)\microsoft visual studio 11.0\vc\include\ostream(207): or       'std::basic_ostream<_Elem,_Traits> &std::basic_ostream<_Elem,_Traits>::operator <<(std::basic_ios<_Elem,_Traits> &(__cdecl *)(std::basic_ios<_Elem,_Traits> &))'
                 with
                 [
                     _Elem=char,
                     _Traits=std::char_traits<char>
                 ]
                 c:\program files (x86)\microsoft visual studio 11.0\vc\include\ostream(214): or       'std::basic_ostream<_Elem,_Traits> &std::basic_ostream<_Elem,_Traits>::operator <<(std::ios_base &(__cdecl *)(std::ios_base &))'
                 with
                 [
                     _Elem=char,
                     _Traits=std::char_traits<char>
                 ]
                 c:\program files (x86)\microsoft visual studio 11.0\vc\include\ostream(221): or       'std::basic_ostream<_Elem,_Traits> &std::basic_ostream<_Elem,_Traits>::operator <<(std::_Bool)'
                 with
                 [
                     _Elem=char,
                     _Traits=std::char_traits<char>
                 ]
                 c:\program files (x86)\microsoft visual studio 11.0\vc\include\ostream(241): or       'std::basic_ostream<_Elem,_Traits> &std::basic_ostream<_Elem,_Traits>::operator <<(short)'
                 with
                 [
                     _Elem=char,
                     _Traits=std::char_traits<char>
                 ]
                 c:\program files (x86)\microsoft visual studio 11.0\vc\include\ostream(275): or       'std::basic_ostream<_Elem,_Traits> &std::basic_ostream<_Elem,_Traits>::operator <<(unsigned short)'
                 with
                 [
                     _Elem=char,
                     _Traits=std::char_traits<char>
                 ]
                 c:\program files (x86)\microsoft visual studio 11.0\vc\include\ostream(295): or       'std::basic_ostream<_Elem,_Traits> &std::basic_ostream<_Elem,_Traits>::operator <<(int)'
                 with
                 [
                     _Elem=char,
                     _Traits=std::char_traits<char>
                 ]
                 c:\program files (x86)\microsoft visual studio 11.0\vc\include\ostream(320): or       'std::basic_ostream<_Elem,_Traits> &std::basic_ostream<_Elem,_Traits>::operator <<(unsigned int)'
                 with
                 [
                     _Elem=char,
                     _Traits=std::char_traits<char>
                 ]
                 c:\program files (x86)\microsoft visual studio 11.0\vc\include\ostream(340): or       'std::basic_ostream<_Elem,_Traits> &std::basic_ostream<_Elem,_Traits>::operator <<(long)'
                 with
                 [
                     _Elem=char,
                     _Traits=std::char_traits<char>
                 ]
                 c:\program files (x86)\microsoft visual studio 11.0\vc\include\ostream(360): or       'std::basic_ostream<_Elem,_Traits> &std::basic_ostream<_Elem,_Traits>::operator <<(unsigned long)'
                 with
                 [
                     _Elem=char,
                     _Traits=std::char_traits<char>
                 ]
                 c:\program files (x86)\microsoft visual studio 11.0\vc\include\ostream(381): or       'std::basic_ostream<_Elem,_Traits> &std::basic_ostream<_Elem,_Traits>::operator <<(__int64)'
                 with
                 [
                     _Elem=char,
                     _Traits=std::char_traits<char>
                 ]
                 c:\program files (x86)\microsoft visual studio 11.0\vc\include\ostream(401): or       'std::basic_ostream<_Elem,_Traits> &std::basic_ostream<_Elem,_Traits>::operator <<(unsigned __int64)'
                 with
                 [
                     _Elem=char,
                     _Traits=std::char_traits<char>
                 ]
                 c:\program files (x86)\microsoft visual studio 11.0\vc\include\ostream(422): or       'std::basic_ostream<_Elem,_Traits> &std::basic_ostream<_Elem,_Traits>::operator <<(float)'
                 with
                 [
                     _Elem=char,
                     _Traits=std::char_traits<char>
                 ]
                 c:\program files (x86)\microsoft visual studio 11.0\vc\include\ostream(442): or       'std::basic_ostream<_Elem,_Traits> &std::basic_ostream<_Elem,_Traits>::operator <<(double)'
                 with
                 [
                     _Elem=char,
                     _Traits=std::char_traits<char>
                 ]
                 c:\program files (x86)\microsoft visual studio 11.0\vc\include\ostream(462): or       'std::basic_ostream<_Elem,_Traits> &std::basic_ostream<_Elem,_Traits>::operator <<(long double)'
                 with
                 [
                     _Elem=char,
                     _Traits=std::char_traits<char>
                 ]
                 c:\program files (x86)\microsoft visual studio 11.0\vc\include\ostream(482): or       'std::basic_ostream<_Elem,_Traits> &std::basic_ostream<_Elem,_Traits>::operator <<(const void *)'
                 with
                 [
                     _Elem=char,
                     _Traits=std::char_traits<char>
                 ]
                 c:\program files (x86)\microsoft visual studio 11.0\vc\include\ostream(502): or       'std::basic_ostream<_Elem,_Traits> &std::basic_ostream<_Elem,_Traits>::operator <<(std::basic_streambuf<_Elem,_Traits> *)'
                 with
                 [
                     _Elem=char,
                     _Traits=std::char_traits<char>
                 ]
                 while trying to match the argument list '(std::ostream, Array)'
         Generating Code...
     1>Done Building Project "D:\Visual Studio n other docs\Visual Studio 2012\Projects\Classes\Matrix in an Array\Matrix in an Array\Matrix in an Array.vcxproj" (Build target(s)) -- FAILED.

Build FAILED.

Time Elapsed 00:00:01.86
