Build started 8/25/2015 6:19:49 AM.
     1>Project "D:\docs\Visual Studio 2012\Projects\programs\Account\Account\Account.vcxproj" on node 2 (Build target(s)).
     1>ClCompile:
         C:\Program Files (x86)\Microsoft Visual Studio 11.0\VC\bin\CL.exe /c /ZI /nologo /W3 /WX- /Od /Oy- /D WIN32 /D _DEBUG /D _CONSOLE /D _UNICODE /D UNICODE /Gm /EHsc /RTC1 /MDd /GS /fp:precise /Zc:wchar_t /Zc:forScope /Fo"Debug\\" /Fd"Debug\vc110.pdb" /Gd /TP /analyze- /errorReport:prompt Account.cpp CheckingAccount.cpp SavingsAccount.cpp driver.cpp
         driver.cpp
         SavingsAccount.cpp
     1>d:\docs\visual studio 2012\projects\programs\account\account\savingsaccount.cpp(5): warning C4101: 'interestRate' : unreferenced local variable
         CheckingAccount.cpp
         Account.cpp
         Generating Code...
     1>d:\docs\visual studio 2012\projects\programs\account\account\checkingaccount.cpp(14): warning C4715: 'CheckingAccount::debitBalance' : not all control paths return a value
       Link:
         C:\Program Files (x86)\Microsoft Visual Studio 11.0\VC\bin\link.exe /ERRORREPORT:PROMPT /OUT:"D:\docs\Visual Studio 2012\Projects\programs\Account\Debug\Account.exe" /INCREMENTAL /NOLOGO kernel32.lib user32.lib gdi32.lib winspool.lib comdlg32.lib advapi32.lib shell32.lib ole32.lib oleaut32.lib uuid.lib odbc32.lib odbccp32.lib /MANIFEST /MANIFESTUAC:"level='asInvoker' uiAccess='false'" /manifest:embed /DEBUG /PDB:"D:\docs\Visual Studio 2012\Projects\programs\Account\Debug\Account.pdb" /SUBSYSTEM:CONSOLE /TLBID:1 /DYNAMICBASE /NXCOMPAT /IMPLIB:"D:\docs\Visual Studio 2012\Projects\programs\Account\Debug\Account.lib" /MACHINE:X86 Debug\Account.obj
         Debug\CheckingAccount.obj
         Debug\driver.obj
         Debug\SavingsAccount.obj
         Account.vcxproj -> D:\docs\Visual Studio 2012\Projects\programs\Account\Debug\Account.exe
     1>Done Building Project "D:\docs\Visual Studio 2012\Projects\programs\Account\Account\Account.vcxproj" (Build target(s)).

Build succeeded.

Time Elapsed 00:00:02.39
