Build started 9/2/2015 12:30:51 AM.
     1>Project "D:\Visual Studio n other docs\Visual Studio 2012\Projects\File Handling\OPEN N CLOSE FILE\OPEN N CLOSE FILE\OPEN N CLOSE FILE.vcxproj" on node 2 (Build target(s)).
     1>ClCompile:
         C:\Program Files (x86)\Microsoft Visual Studio 11.0\VC\bin\CL.exe /c /ZI /nologo /W3 /WX- /Od /Oy- /D WIN32 /D _DEBUG /D _CONSOLE /D _UNICODE /D UNICODE /Gm /EHsc /RTC1 /MDd /GS /fp:precise /Zc:wchar_t /Zc:forScope /Fo"Debug\\" /Fd"Debug\vc110.pdb" /Gd /TP /analyze- /errorReport:prompt "is  open.cpp"
         is  open.cpp
       Link:
         C:\Program Files (x86)\Microsoft Visual Studio 11.0\VC\bin\link.exe /ERRORREPORT:PROMPT /OUT:"D:\Visual Studio n other docs\Visual Studio 2012\Projects\File Handling\OPEN N CLOSE FILE\Debug\OPEN N CLOSE FILE.exe" /INCREMENTAL /NOLOGO kernel32.lib user32.lib gdi32.lib winspool.lib comdlg32.lib advapi32.lib shell32.lib ole32.lib oleaut32.lib uuid.lib odbc32.lib odbccp32.lib /MANIFEST /MANIFESTUAC:"level='asInvoker' uiAccess='false'" /manifest:embed /DEBUG /PDB:"D:\Visual Studio n other docs\Visual Studio 2012\Projects\File Handling\OPEN N CLOSE FILE\Debug\OPEN N CLOSE FILE.pdb" /SUBSYSTEM:CONSOLE /TLBID:1 /DYNAMICBASE /NXCOMPAT /IMPLIB:"D:\Visual Studio n other docs\Visual Studio 2012\Projects\File Handling\OPEN N CLOSE FILE\Debug\OPEN N CLOSE FILE.lib" /MACHINE:X86 "Debug\Open n Close.obj"
         Debug\Source.obj
         Debug\Source1.obj
         "Debug\using more modes.obj"
         "Debug\is open.obj"
         "Debug\writing n reading from file.obj"
         "Debug\open n read file.obj"
         "Debug\is open .obj"
         "Debug\is  open.obj"
         "Debug\is open  .obj"
         Debug\switch.obj
         Debug\getch.obj
         "Debug\write n read frm file.obj"
         "Debug\handling binary data.obj"
         OPEN N CLOSE FILE.vcxproj -> D:\Visual Studio n other docs\Visual Studio 2012\Projects\File Handling\OPEN N CLOSE FILE\Debug\OPEN N CLOSE FILE.exe
     1>Done Building Project "D:\Visual Studio n other docs\Visual Studio 2012\Projects\File Handling\OPEN N CLOSE FILE\OPEN N CLOSE FILE\OPEN N CLOSE FILE.vcxproj" (Build target(s)).

Build succeeded.

Time Elapsed 00:00:01.46
