Build started 10/6/2015 1:54:01 AM.
     1>Project "D:\Visual Studio n other docs\Visual Studio 2012\Projects\Oop\Pakage(lab)\Pakage(lab)\Pakage(lab).vcxproj" on node 2 (Build target(s)).
     1>ClCompile:
         C:\Program Files (x86)\Microsoft Visual Studio 11.0\VC\bin\CL.exe /c /ZI /nologo /W3 /WX- /Od /Oy- /D WIN32 /D _DEBUG /D _CONSOLE /D _UNICODE /D UNICODE /Gm /EHsc /RTC1 /MDd /GS /fp:precise /Zc:wchar_t /Zc:forScope /Fo"Debug\\" /Fd"Debug\vc110.pdb" /Gd /TP /analyze- /errorReport:prompt CString.cpp driver.cpp OverNightPackage.cpp Package.cpp TwoDayPackage.cpp
         TwoDayPackage.cpp
         Package.cpp
         OverNightPackage.cpp
         driver.cpp
         CString.cpp
         Generating Code...
       Link:
         C:\Program Files (x86)\Microsoft Visual Studio 11.0\VC\bin\link.exe /ERRORREPORT:PROMPT /OUT:"D:\Visual Studio n other docs\Visual Studio 2012\Projects\Oop\Pakage(lab)\Debug\Pakage(lab).exe" /INCREMENTAL /NOLOGO kernel32.lib user32.lib gdi32.lib winspool.lib comdlg32.lib advapi32.lib shell32.lib ole32.lib oleaut32.lib uuid.lib odbc32.lib odbccp32.lib /MANIFEST /MANIFESTUAC:"level='asInvoker' uiAccess='false'" /manifest:embed /DEBUG /PDB:"D:\Visual Studio n other docs\Visual Studio 2012\Projects\Oop\Pakage(lab)\Debug\Pakage(lab).pdb" /SUBSYSTEM:CONSOLE /TLBID:1 /DYNAMICBASE /NXCOMPAT /IMPLIB:"D:\Visual Studio n other docs\Visual Studio 2012\Projects\Oop\Pakage(lab)\Debug\Pakage(lab).lib" /MACHINE:X86 Debug\CString.obj
         Debug\driver.obj
         Debug\OverNightPackage.obj
         Debug\Package.obj
         Debug\TwoDayPackage.obj
         Pakage(lab).vcxproj -> D:\Visual Studio n other docs\Visual Studio 2012\Projects\Oop\Pakage(lab)\Debug\Pakage(lab).exe
     1>Done Building Project "D:\Visual Studio n other docs\Visual Studio 2012\Projects\Oop\Pakage(lab)\Pakage(lab)\Pakage(lab).vcxproj" (Build target(s)).

Build succeeded.

Time Elapsed 00:00:03.55
