Build started 8/23/2015 10:13:28 AM.
     1>Project "C:\Users\LENOVO\documents\visual studio 2012\Projects\Calendar\Calendar\Calendar.vcxproj" on node 2 (Build target(s)).
     1>ClCompile:
         C:\Program Files (x86)\Microsoft Visual Studio 11.0\VC\bin\CL.exe /c /ZI /nologo /W3 /WX- /Od /Oy- /D WIN32 /D _DEBUG /D _CONSOLE /D _UNICODE /D UNICODE /Gm /EHsc /RTC1 /MDd /GS /fp:precise /Zc:wchar_t /Zc:forScope /Fo"Debug\\" /Fd"Debug\vc110.pdb" /Gd /TP /analyze- /errorReport:prompt Calendar.cpp driver.cpp
         driver.cpp
         Calendar.cpp
     1>c:\users\lenovo\documents\visual studio 2012\projects\calendar\calendar\calendar.cpp(32): warning C4996: '_getsystime': This function or variable has been superceded by newer library or operating system functionality. Consider using GetLocalTime instead. See online help for details.
                 c:\program files (x86)\microsoft visual studio 11.0\vc\include\time.h(214) : see declaration of '_getsystime'
     1>c:\users\lenovo\documents\visual studio 2012\projects\calendar\calendar\calendar.cpp(112): warning C4996: '_getsystime': This function or variable has been superceded by newer library or operating system functionality. Consider using GetLocalTime instead. See online help for details.
                 c:\program files (x86)\microsoft visual studio 11.0\vc\include\time.h(214) : see declaration of '_getsystime'
     1>c:\users\lenovo\documents\visual studio 2012\projects\calendar\calendar\calendar.cpp(154): warning C4996: '_getsystime': This function or variable has been superceded by newer library or operating system functionality. Consider using GetLocalTime instead. See online help for details.
                 c:\program files (x86)\microsoft visual studio 11.0\vc\include\time.h(214) : see declaration of '_getsystime'
     1>c:\users\lenovo\documents\visual studio 2012\projects\calendar\calendar\calendar.cpp(189): warning C4996: 'getch': The POSIX name for this item is deprecated. Instead, use the ISO C++ conformant name: _getch. See online help for details.
                 c:\program files (x86)\microsoft visual studio 11.0\vc\include\conio.h(131) : see declaration of 'getch'
     1>c:\users\lenovo\documents\visual studio 2012\projects\calendar\calendar\calendar.cpp(239): warning C4996: '_getsystime': This function or variable has been superceded by newer library or operating system functionality. Consider using GetLocalTime instead. See online help for details.
                 c:\program files (x86)\microsoft visual studio 11.0\vc\include\time.h(214) : see declaration of '_getsystime'
         Generating Code...
       Link:
         C:\Program Files (x86)\Microsoft Visual Studio 11.0\VC\bin\link.exe /ERRORREPORT:PROMPT /OUT:"C:\Users\LENOVO\documents\visual studio 2012\Projects\Calendar\Debug\Calendar.exe" /INCREMENTAL /NOLOGO kernel32.lib user32.lib gdi32.lib winspool.lib comdlg32.lib advapi32.lib shell32.lib ole32.lib oleaut32.lib uuid.lib odbc32.lib odbccp32.lib /MANIFEST /MANIFESTUAC:"level='asInvoker' uiAccess='false'" /manifest:embed /DEBUG /PDB:"C:\Users\LENOVO\documents\visual studio 2012\Projects\Calendar\Debug\Calendar.pdb" /SUBSYSTEM:CONSOLE /TLBID:1 /DYNAMICBASE /NXCOMPAT /IMPLIB:"C:\Users\LENOVO\documents\visual studio 2012\Projects\Calendar\Debug\Calendar.lib" /MACHINE:X86 Debug\Calendar.obj
         Debug\Clock.obj
         Debug\Colors.obj
         Debug\CString.obj
         Debug\Date.obj
         Debug\driver.obj
         Debug\Quotations.obj
         Debug\Scheduler.obj
         Debug\Time.obj
         Calendar.vcxproj -> C:\Users\LENOVO\documents\visual studio 2012\Projects\Calendar\Debug\Calendar.exe
     1>Done Building Project "C:\Users\LENOVO\documents\visual studio 2012\Projects\Calendar\Calendar\Calendar.vcxproj" (Build target(s)).

Build succeeded.

Time Elapsed 00:00:05.45
