Build started 8/25/2015 6:32:37 AM.
     1>Project "C:\Users\LENOVO\Desktop\OOP\Visual studio programs\Clock\Clock\Clock.vcxproj" on node 2 (Build target(s)).
     1>ClCompile:
         C:\Program Files (x86)\Microsoft Visual Studio 11.0\VC\bin\CL.exe /c /ZI /nologo /W3 /WX- /Od /Oy- /D WIN32 /D _DEBUG /D _CONSOLE /D _UNICODE /D UNICODE /Gm /EHsc /RTC1 /MDd /GS /fp:precise /Zc:wchar_t /Zc:forScope /Fo"Debug\\" /Fd"Debug\vc110.pdb" /Gd /TP /analyze- /errorReport:prompt Clock.cpp CString.cpp Date.cpp driver.cpp Time.cpp
         Time.cpp
         driver.cpp
         Date.cpp
         CString.cpp
         Clock.cpp
         Generating Code...
       Link:
         C:\Program Files (x86)\Microsoft Visual Studio 11.0\VC\bin\link.exe /ERRORREPORT:PROMPT /OUT:"C:\Users\LENOVO\Desktop\OOP\Visual studio programs\Clock\Debug\Clock.exe" /INCREMENTAL /NOLOGO kernel32.lib user32.lib gdi32.lib winspool.lib comdlg32.lib advapi32.lib shell32.lib ole32.lib oleaut32.lib uuid.lib odbc32.lib odbccp32.lib /MANIFEST /MANIFESTUAC:"level='asInvoker' uiAccess='false'" /manifest:embed /DEBUG /PDB:"C:\Users\LENOVO\Desktop\OOP\Visual studio programs\Clock\Debug\Clock.pdb" /SUBSYSTEM:CONSOLE /TLBID:1 /DYNAMICBASE /NXCOMPAT /IMPLIB:"C:\Users\LENOVO\Desktop\OOP\Visual studio programs\Clock\Debug\Clock.lib" /MACHINE:X86 Debug\Clock.obj
         Debug\CString.obj
         Debug\Date.obj
         Debug\driver.obj
         Debug\Time.obj
         Clock.vcxproj -> C:\Users\LENOVO\Desktop\OOP\Visual studio programs\Clock\Debug\Clock.exe
     1>Done Building Project "C:\Users\LENOVO\Desktop\OOP\Visual studio programs\Clock\Clock\Clock.vcxproj" (Build target(s)).

Build succeeded.

Time Elapsed 00:00:04.47
