Build started 12/9/2017 12:58:19 PM.
     1>Project "D:\Visual Studio\oop\oop\oop.vcxproj" on node 2 (Build target(s)).
     1>ClCompile:
         C:\Program Files (x86)\Microsoft Visual Studio 12.0\VC\bin\CL.exe /c /ZI /nologo /W3 /WX- /sdl /Od /Oy- /D WIN32 /D _DEBUG /D _CONSOLE /D _LIB /D _UNICODE /D UNICODE /Gm /EHsc /RTC1 /MDd /GS /fp:precise /Zc:wchar_t /Zc:forScope /Fo"Debug\\" /Fd"Debug\vc120.pdb" /Gd /TP /analyze- /errorReport:prompt afterMids.cpp
         afterMids.cpp
     1>d:\visual studio\oop\oop\aftermids.cpp(87): warning C4715: 'Array::operator[]' : not all control paths return a value
       Link:
         C:\Program Files (x86)\Microsoft Visual Studio 12.0\VC\bin\link.exe /ERRORREPORT:PROMPT /OUT:"D:\Visual Studio\oop\Debug\oop.exe" /INCREMENTAL /NOLOGO kernel32.lib user32.lib gdi32.lib winspool.lib comdlg32.lib advapi32.lib shell32.lib ole32.lib oleaut32.lib uuid.lib odbc32.lib odbccp32.lib /MANIFEST /MANIFESTUAC:"level='asInvoker' uiAccess='false'" /manifest:embed /DEBUG /PDB:"D:\Visual Studio\oop\Debug\oop.pdb" /SUBSYSTEM:CONSOLE /TLBID:1 /DYNAMICBASE /NXCOMPAT /IMPLIB:"D:\Visual Studio\oop\Debug\oop.lib" /MACHINE:X86 Debug\afterMids.obj
         Debug\Building.obj
         Debug\DRIVER.obj
         Debug\Rectangle.obj
         Debug\Room.obj
         Debug\Singleton.obj
         Debug\Sourc1.obj
         Debug\Source2.obj
         Debug\Sourcea.obj
         Debug\Ssource.obj
         oop.vcxproj -> D:\Visual Studio\oop\Debug\oop.exe
     1>Done Building Project "D:\Visual Studio\oop\oop\oop.vcxproj" (Build target(s)).

Build succeeded.

Time Elapsed 00:00:04.55
